2026-01-05 11:00:11,788 - INFO - Migrated scores table: added age column
2026-01-05 11:00:11,810 - INFO - Question bank schema ensured
2026-01-05 11:00:41,227 - INFO - Question bank schema ensured
2026-01-05 11:02:21,710 - INFO - Migrated scores table: added age column
2026-01-05 11:02:21,731 - INFO - Question bank schema ensured
2026-01-05 11:29:58,067 [INFO] User started exam: Aleena, age_group=adult
2026-01-05 11:33:40,603 - INFO - Application started
2026-01-05 11:33:40,611 - INFO - Loaded 100 questions from DB
2026-01-05 11:33:48,984 - INFO - Session started | user=Aleena | age=21 | age_group=adult
2026-01-05 11:35:38,850 - INFO - Application started
2026-01-05 11:35:38,853 - INFO - Loaded 10 questions from DB
2026-01-05 11:36:03,413 - INFO - Session started | user=Aleena asd | age=11 | age_group=child
2026-01-05 14:04:58,063 - INFO - Application started
2026-01-05 14:04:58,073 - INFO - Loaded 10 questions from DB
2026-01-05 14:21:56,888 - INFO - Application started
2026-01-05 14:21:56,890 - INFO - Loaded 10 questions from DB
2026-01-05 14:22:04,848 - INFO - Session started | user=asdasd | age=12 | age_group=child
2026-01-06 21:11:01,454 - INFO - Application started
2026-01-06 21:11:01,457 - INFO - Loaded 10 questions from DB
2026-01-06 21:11:20,873 - INFO - Session started | user=Anushka | age=8 | age_group=child
2026-01-06 22:01:52,790 - INFO - Application started
2026-01-06 22:01:52,815 - INFO - Loaded 10 questions from DB
2026-01-06 22:11:01,038 - INFO - Application started
2026-01-06 22:11:01,048 - INFO - Loaded 10 questions from DB
2026-01-06 22:11:25,414 - INFO - Session started | user=Anushka | age=18 | education=Undergraduate | age_group=adult
2026-01-06 22:11:37,806 - INFO - Application started
2026-01-06 22:11:37,808 - INFO - Loaded 10 questions from DB
2026-01-06 22:11:54,301 - INFO - Application started
2026-01-06 22:11:54,303 - INFO - Loaded 10 questions from DB
2026-01-06 22:17:24,871 - INFO - Application started
2026-01-06 22:17:24,889 - INFO - Loaded 10 questions from DB
2026-01-06 22:18:05,783 - INFO - Application started
2026-01-06 22:18:05,785 - INFO - Loaded 10 questions from DB
2026-01-06 22:18:29,010 - INFO - Application started
2026-01-06 22:18:29,012 - INFO - Loaded 10 questions from DB
2026-01-06 22:18:41,262 - INFO - Session started | user=Anushka | age=19 | education=Undergraduate | age_group=adult
2026-01-06 22:18:51,054 - INFO - Application started
2026-01-06 22:18:51,056 - INFO - Loaded 10 questions from DB
2026-01-06 22:58:03,368 - INFO - Application started
2026-01-06 22:58:38,346 - INFO - Session started | user=hi | age=19 | education=Undergraduate | age_group=adult
2026-01-06 22:59:54,203 - INFO - Application started
2026-01-06 23:00:03,582 - INFO - Application started
2026-01-06 23:00:18,783 - INFO - Application started
2026-01-07 01:01:33,460 - INFO - Application started
2026-01-07 01:01:33,468 - INFO - Migrating scores table: adding detailed_age_group column
2026-01-07 01:01:33,472 - INFO - Migrating responses table: adding detailed_age_group column
2026-01-07 01:02:04,174 - INFO - Session started | user=Anu | age=18 | education=Undergraduate | age_group=adult
2026-01-07 01:06:38,223 - INFO - Application started
2026-01-07 01:07:28,100 - INFO - Application started
2026-01-07 01:07:39,563 - INFO - Session started | user=Anushka | age=18 | education=Postgraduate | age_group=adult
2026-01-07 01:07:43,565 - INFO - User returned to home screen during test
2026-01-07 01:07:53,051 - INFO - Session started | user=Anu | age=18 | education=Postgraduate | age_group=adult
2026-01-07 08:40:03,604 - INFO - Application started
2026-01-07 08:40:43,219 - INFO - Session started | user=GOPI | age=21 | education=Undergraduate | age_group=adult
2026-01-07 08:46:33,737 - INFO - Application started
2026-01-07 08:46:33,739 - INFO - Migrating scores table: adding user_id column
2026-01-07 08:46:33,746 - INFO - Migrating responses table: adding user_id column
2026-01-07 08:47:02,579 - INFO - User logged in: DGC
2026-01-07 08:47:23,625 - INFO - Session started | user=DGC | age=21 | education=Undergraduate | age_group=adult
2026-01-07 21:33:41,767 - INFO - Application started
2026-01-07 21:34:47,542 - INFO - User logged in: madhuri
2026-01-07 21:35:01,484 - INFO - Session started | user=madhur | age=19 | education=Undergraduate | age_group=adult
2026-01-09 18:44:07,063 - root - INFO - Logging initialized.
2026-01-09 18:44:07,063 - root - INFO - Application started
2026-01-09 18:44:07,066 - root - INFO - Loaded 10 total questions from DB
2026-01-09 18:44:09,340 - root - INFO - ML Predictor initialized successfully
2026-01-09 18:44:09,350 - root - INFO - Using 10 questions based on settings
2026-01-09 18:45:01,898 - root - ERROR - Failed to save journal entry
Traceback (most recent call last):
  File "C:\Users\Rohan Rathod\AppData\Roaming\Python\Python314\site-packages\sqlalchemy\engine\base.py", line 1967, in _exec_single_context
    self.dialect.do_execute(
    ~~~~~~~~~~~~~~~~~~~~~~~^
        cursor, str_statement, effective_parameters, context
        ^^^^^^^^^^^^^^^^^^^^^^^^^^^^^^^^^^^^^^^^^^^^^^^^^^^^
    )
    ^
  File "C:\Users\Rohan Rathod\AppData\Roaming\Python\Python314\site-packages\sqlalchemy\engine\default.py", line 952, in do_execute
    cursor.execute(statement, parameters)
    ~~~~~~~~~~~~~~^^^^^^^^^^^^^^^^^^^^^^^
sqlite3.OperationalError: table journal_entries has no column named user_id

The above exception was the direct cause of the following exception:

Traceback (most recent call last):
  File "B:\Open_Source\soul_sence_Exam\SOUL_SENSE_EXAM\journal_feature.py", line 134, in save_and_analyze
    session.commit()
    ~~~~~~~~~~~~~~^^
  File "C:\Users\Rohan Rathod\AppData\Roaming\Python\Python314\site-packages\sqlalchemy\orm\session.py", line 2030, in commit
    trans.commit(_to_root=True)
    ~~~~~~~~~~~~^^^^^^^^^^^^^^^
  File "<string>", line 2, in commit
  File "C:\Users\Rohan Rathod\AppData\Roaming\Python\Python314\site-packages\sqlalchemy\orm\state_changes.py", line 137, in _go
    ret_value = fn(self, *arg, **kw)
  File "C:\Users\Rohan Rathod\AppData\Roaming\Python\Python314\site-packages\sqlalchemy\orm\session.py", line 1311, in commit
    self._prepare_impl()
    ~~~~~~~~~~~~~~~~~~^^
  File "<string>", line 2, in _prepare_impl
  File "C:\Users\Rohan Rathod\AppData\Roaming\Python\Python314\site-packages\sqlalchemy\orm\state_changes.py", line 137, in _go
    ret_value = fn(self, *arg, **kw)
  File "C:\Users\Rohan Rathod\AppData\Roaming\Python\Python314\site-packages\sqlalchemy\orm\session.py", line 1286, in _prepare_impl
    self.session.flush()
    ~~~~~~~~~~~~~~~~~~^^
  File "C:\Users\Rohan Rathod\AppData\Roaming\Python\Python314\site-packages\sqlalchemy\orm\session.py", line 4331, in flush
    self._flush(objects)
    ~~~~~~~~~~~^^^^^^^^^
  File "C:\Users\Rohan Rathod\AppData\Roaming\Python\Python314\site-packages\sqlalchemy\orm\session.py", line 4466, in _flush
    with util.safe_reraise():
         ~~~~~~~~~~~~~~~~~^^
  File "C:\Users\Rohan Rathod\AppData\Roaming\Python\Python314\site-packages\sqlalchemy\util\langhelpers.py", line 224, in __exit__
    raise exc_value.with_traceback(exc_tb)
  File "C:\Users\Rohan Rathod\AppData\Roaming\Python\Python314\site-packages\sqlalchemy\orm\session.py", line 4427, in _flush
    flush_context.execute()
    ~~~~~~~~~~~~~~~~~~~~~^^
  File "C:\Users\Rohan Rathod\AppData\Roaming\Python\Python314\site-packages\sqlalchemy\orm\unitofwork.py", line 466, in execute
    rec.execute(self)
    ~~~~~~~~~~~^^^^^^
  File "C:\Users\Rohan Rathod\AppData\Roaming\Python\Python314\site-packages\sqlalchemy\orm\unitofwork.py", line 642, in execute
    util.preloaded.orm_persistence.save_obj(
    ~~~~~~~~~~~~~~~~~~~~~~~~~~~~~~~~~~~~~~~^
        self.mapper,
        ^^^^^^^^^^^^
        uow.states_for_mapper_hierarchy(self.mapper, False, False),
        ^^^^^^^^^^^^^^^^^^^^^^^^^^^^^^^^^^^^^^^^^^^^^^^^^^^^^^^^^^^
        uow,
        ^^^^
    )
    ^
  File "C:\Users\Rohan Rathod\AppData\Roaming\Python\Python314\site-packages\sqlalchemy\orm\persistence.py", line 93, in save_obj
    _emit_insert_statements(
    ~~~~~~~~~~~~~~~~~~~~~~~^
        base_mapper,
        ^^^^^^^^^^^^
    ...<3 lines>...
        insert,
        ^^^^^^^
    )
    ^
  File "C:\Users\Rohan Rathod\AppData\Roaming\Python\Python314\site-packages\sqlalchemy\orm\persistence.py", line 1233, in _emit_insert_statements
    result = connection.execute(
        statement,
        params,
        execution_options=execution_options,
    )
  File "C:\Users\Rohan Rathod\AppData\Roaming\Python\Python314\site-packages\sqlalchemy\engine\base.py", line 1419, in execute
    return meth(
        self,
        distilled_parameters,
        execution_options or NO_OPTIONS,
    )
  File "C:\Users\Rohan Rathod\AppData\Roaming\Python\Python314\site-packages\sqlalchemy\sql\elements.py", line 527, in _execute_on_connection
    return connection._execute_clauseelement(
           ~~~~~~~~~~~~~~~~~~~~~~~~~~~~~~~~~^
        self, distilled_params, execution_options
        ^^^^^^^^^^^^^^^^^^^^^^^^^^^^^^^^^^^^^^^^^
    )
    ^
  File "C:\Users\Rohan Rathod\AppData\Roaming\Python\Python314\site-packages\sqlalchemy\engine\base.py", line 1641, in _execute_clauseelement
    ret = self._execute_context(
        dialect,
    ...<8 lines>...
        cache_hit=cache_hit,
    )
  File "C:\Users\Rohan Rathod\AppData\Roaming\Python\Python314\site-packages\sqlalchemy\engine\base.py", line 1846, in _execute_context
    return self._exec_single_context(
           ~~~~~~~~~~~~~~~~~~~~~~~~~^
        dialect, context, statement, parameters
        ^^^^^^^^^^^^^^^^^^^^^^^^^^^^^^^^^^^^^^^
    )
    ^
  File "C:\Users\Rohan Rathod\AppData\Roaming\Python\Python314\site-packages\sqlalchemy\engine\base.py", line 1986, in _exec_single_context
    self._handle_dbapi_exception(
    ~~~~~~~~~~~~~~~~~~~~~~~~~~~~^
        e, str_statement, effective_parameters, cursor, context
        ^^^^^^^^^^^^^^^^^^^^^^^^^^^^^^^^^^^^^^^^^^^^^^^^^^^^^^^
    )
    ^
  File "C:\Users\Rohan Rathod\AppData\Roaming\Python\Python314\site-packages\sqlalchemy\engine\base.py", line 2363, in _handle_dbapi_exception
    raise sqlalchemy_exception.with_traceback(exc_info[2]) from e
  File "C:\Users\Rohan Rathod\AppData\Roaming\Python\Python314\site-packages\sqlalchemy\engine\base.py", line 1967, in _exec_single_context
    self.dialect.do_execute(
    ~~~~~~~~~~~~~~~~~~~~~~~^
        cursor, str_statement, effective_parameters, context
        ^^^^^^^^^^^^^^^^^^^^^^^^^^^^^^^^^^^^^^^^^^^^^^^^^^^^
    )
    ^
  File "C:\Users\Rohan Rathod\AppData\Roaming\Python\Python314\site-packages\sqlalchemy\engine\default.py", line 952, in do_execute
    cursor.execute(statement, parameters)
    ~~~~~~~~~~~~~~^^^^^^^^^^^^^^^^^^^^^^^
sqlalchemy.exc.OperationalError: (sqlite3.OperationalError) table journal_entries has no column named user_id
[SQL: INSERT INTO journal_entries (username, entry_date, content, sentiment_score, emotional_patterns, user_id) VALUES (?, ?, ?, ?, ?, ?)]
[parameters: ('rohan', '2026-01-09 18:45:01', 'i am not feeling good', 0.0, 'Self-reflective content', None)]
(Background on this error at: https://sqlalche.me/e/20/e3q8)
2026-01-09 18:46:22,797 - root - INFO - Session started | user=rohan | age=20 | age_group=adult | profession=Professional | questions=10
2026-01-09 18:47:49,252 - root - ERROR - Failed to save journal entry
Traceback (most recent call last):
  File "C:\Users\Rohan Rathod\AppData\Roaming\Python\Python314\site-packages\sqlalchemy\engine\base.py", line 1967, in _exec_single_context
    self.dialect.do_execute(
    ~~~~~~~~~~~~~~~~~~~~~~~^
        cursor, str_statement, effective_parameters, context
        ^^^^^^^^^^^^^^^^^^^^^^^^^^^^^^^^^^^^^^^^^^^^^^^^^^^^
    )
    ^
  File "C:\Users\Rohan Rathod\AppData\Roaming\Python\Python314\site-packages\sqlalchemy\engine\default.py", line 952, in do_execute
    cursor.execute(statement, parameters)
    ~~~~~~~~~~~~~~^^^^^^^^^^^^^^^^^^^^^^^
sqlite3.OperationalError: table journal_entries has no column named user_id

The above exception was the direct cause of the following exception:

Traceback (most recent call last):
  File "B:\Open_Source\soul_sence_Exam\SOUL_SENSE_EXAM\journal_feature.py", line 134, in save_and_analyze
    session.commit()
    ~~~~~~~~~~~~~~^^
  File "C:\Users\Rohan Rathod\AppData\Roaming\Python\Python314\site-packages\sqlalchemy\orm\session.py", line 2030, in commit
    trans.commit(_to_root=True)
    ~~~~~~~~~~~~^^^^^^^^^^^^^^^
  File "<string>", line 2, in commit
  File "C:\Users\Rohan Rathod\AppData\Roaming\Python\Python314\site-packages\sqlalchemy\orm\state_changes.py", line 137, in _go
    ret_value = fn(self, *arg, **kw)
  File "C:\Users\Rohan Rathod\AppData\Roaming\Python\Python314\site-packages\sqlalchemy\orm\session.py", line 1311, in commit
    self._prepare_impl()
    ~~~~~~~~~~~~~~~~~~^^
  File "<string>", line 2, in _prepare_impl
  File "C:\Users\Rohan Rathod\AppData\Roaming\Python\Python314\site-packages\sqlalchemy\orm\state_changes.py", line 137, in _go
    ret_value = fn(self, *arg, **kw)
  File "C:\Users\Rohan Rathod\AppData\Roaming\Python\Python314\site-packages\sqlalchemy\orm\session.py", line 1286, in _prepare_impl
    self.session.flush()
    ~~~~~~~~~~~~~~~~~~^^
  File "C:\Users\Rohan Rathod\AppData\Roaming\Python\Python314\site-packages\sqlalchemy\orm\session.py", line 4331, in flush
    self._flush(objects)
    ~~~~~~~~~~~^^^^^^^^^
  File "C:\Users\Rohan Rathod\AppData\Roaming\Python\Python314\site-packages\sqlalchemy\orm\session.py", line 4466, in _flush
    with util.safe_reraise():
         ~~~~~~~~~~~~~~~~~^^
  File "C:\Users\Rohan Rathod\AppData\Roaming\Python\Python314\site-packages\sqlalchemy\util\langhelpers.py", line 224, in __exit__
    raise exc_value.with_traceback(exc_tb)
  File "C:\Users\Rohan Rathod\AppData\Roaming\Python\Python314\site-packages\sqlalchemy\orm\session.py", line 4427, in _flush
    flush_context.execute()
    ~~~~~~~~~~~~~~~~~~~~~^^
  File "C:\Users\Rohan Rathod\AppData\Roaming\Python\Python314\site-packages\sqlalchemy\orm\unitofwork.py", line 466, in execute
    rec.execute(self)
    ~~~~~~~~~~~^^^^^^
  File "C:\Users\Rohan Rathod\AppData\Roaming\Python\Python314\site-packages\sqlalchemy\orm\unitofwork.py", line 642, in execute
    util.preloaded.orm_persistence.save_obj(
    ~~~~~~~~~~~~~~~~~~~~~~~~~~~~~~~~~~~~~~~^
        self.mapper,
        ^^^^^^^^^^^^
        uow.states_for_mapper_hierarchy(self.mapper, False, False),
        ^^^^^^^^^^^^^^^^^^^^^^^^^^^^^^^^^^^^^^^^^^^^^^^^^^^^^^^^^^^
        uow,
        ^^^^
    )
    ^
  File "C:\Users\Rohan Rathod\AppData\Roaming\Python\Python314\site-packages\sqlalchemy\orm\persistence.py", line 93, in save_obj
    _emit_insert_statements(
    ~~~~~~~~~~~~~~~~~~~~~~~^
        base_mapper,
        ^^^^^^^^^^^^
    ...<3 lines>...
        insert,
        ^^^^^^^
    )
    ^
  File "C:\Users\Rohan Rathod\AppData\Roaming\Python\Python314\site-packages\sqlalchemy\orm\persistence.py", line 1233, in _emit_insert_statements
    result = connection.execute(
        statement,
        params,
        execution_options=execution_options,
    )
  File "C:\Users\Rohan Rathod\AppData\Roaming\Python\Python314\site-packages\sqlalchemy\engine\base.py", line 1419, in execute
    return meth(
        self,
        distilled_parameters,
        execution_options or NO_OPTIONS,
    )
  File "C:\Users\Rohan Rathod\AppData\Roaming\Python\Python314\site-packages\sqlalchemy\sql\elements.py", line 527, in _execute_on_connection
    return connection._execute_clauseelement(
           ~~~~~~~~~~~~~~~~~~~~~~~~~~~~~~~~~^
        self, distilled_params, execution_options
        ^^^^^^^^^^^^^^^^^^^^^^^^^^^^^^^^^^^^^^^^^
    )
    ^
  File "C:\Users\Rohan Rathod\AppData\Roaming\Python\Python314\site-packages\sqlalchemy\engine\base.py", line 1641, in _execute_clauseelement
    ret = self._execute_context(
        dialect,
    ...<8 lines>...
        cache_hit=cache_hit,
    )
  File "C:\Users\Rohan Rathod\AppData\Roaming\Python\Python314\site-packages\sqlalchemy\engine\base.py", line 1846, in _execute_context
    return self._exec_single_context(
           ~~~~~~~~~~~~~~~~~~~~~~~~~^
        dialect, context, statement, parameters
        ^^^^^^^^^^^^^^^^^^^^^^^^^^^^^^^^^^^^^^^
    )
    ^
  File "C:\Users\Rohan Rathod\AppData\Roaming\Python\Python314\site-packages\sqlalchemy\engine\base.py", line 1986, in _exec_single_context
    self._handle_dbapi_exception(
    ~~~~~~~~~~~~~~~~~~~~~~~~~~~~^
        e, str_statement, effective_parameters, cursor, context
        ^^^^^^^^^^^^^^^^^^^^^^^^^^^^^^^^^^^^^^^^^^^^^^^^^^^^^^^
    )
    ^
  File "C:\Users\Rohan Rathod\AppData\Roaming\Python\Python314\site-packages\sqlalchemy\engine\base.py", line 2363, in _handle_dbapi_exception
    raise sqlalchemy_exception.with_traceback(exc_info[2]) from e
  File "C:\Users\Rohan Rathod\AppData\Roaming\Python\Python314\site-packages\sqlalchemy\engine\base.py", line 1967, in _exec_single_context
    self.dialect.do_execute(
    ~~~~~~~~~~~~~~~~~~~~~~~^
        cursor, str_statement, effective_parameters, context
        ^^^^^^^^^^^^^^^^^^^^^^^^^^^^^^^^^^^^^^^^^^^^^^^^^^^^
    )
    ^
  File "C:\Users\Rohan Rathod\AppData\Roaming\Python\Python314\site-packages\sqlalchemy\engine\default.py", line 952, in do_execute
    cursor.execute(statement, parameters)
    ~~~~~~~~~~~~~~^^^^^^^^^^^^^^^^^^^^^^^
sqlalchemy.exc.OperationalError: (sqlite3.OperationalError) table journal_entries has no column named user_id
[SQL: INSERT INTO journal_entries (username, entry_date, content, sentiment_score, emotional_patterns, user_id) VALUES (?, ?, ?, ?, ?, ?)]
[parameters: ('rohan', '2026-01-09 18:47:49', 'i am not feeling good', 0.0, 'Self-reflective content', None)]
(Background on this error at: https://sqlalche.me/e/20/e3q8)
2026-01-09 18:48:29,302 - root - INFO - Session started | user=rohan | age=20 | age_group=adult | profession=Student | questions=10
2026-01-09 18:48:55,810 - root - CRITICAL - Unhandled exception in GUI
Traceback (most recent call last):
  File "C:\Python314\Lib\tkinter\__init__.py", line 2088, in __call__
    return self.func(*args)
           ~~~~~~~~~^^^^^^^
  File "B:\Open_Source\soul_sence_Exam\SOUL_SENSE_EXAM\app\main.py", line 768, in _enter_start
    self.start_test()
    ~~~~~~~~~~~~~~~^^
  File "B:\Open_Source\soul_sence_Exam\SOUL_SENSE_EXAM\app\main.py", line 771, in start_test
    self.username = self.name_entry.get().strip()
                    ~~~~~~~~~~~~~~~~~~~^^
  File "C:\Python314\Lib\tkinter\__init__.py", line 3276, in get
    return self.tk.call(self._w, 'get')
           ~~~~~~~~~~~~^^^^^^^^^^^^^^^^
_tkinter.TclError: invalid command name ".!entry5"
2026-01-09 18:48:55,834 - root - ERROR - Interface Error: A graphical interface error occurred.
2026-01-09 18:48:58,762 - root - CRITICAL - Unhandled exception in GUI
Traceback (most recent call last):
  File "C:\Python314\Lib\tkinter\__init__.py", line 2088, in __call__
    return self.func(*args)
           ~~~~~~~~~^^^^^^^
  File "B:\Open_Source\soul_sence_Exam\SOUL_SENSE_EXAM\app\main.py", line 768, in _enter_start
    self.start_test()
    ~~~~~~~~~~~~~~~^^
  File "B:\Open_Source\soul_sence_Exam\SOUL_SENSE_EXAM\app\main.py", line 771, in start_test
    self.username = self.name_entry.get().strip()
                    ~~~~~~~~~~~~~~~~~~~^^
  File "C:\Python314\Lib\tkinter\__init__.py", line 3276, in get
    return self.tk.call(self._w, 'get')
           ~~~~~~~~~~~~^^^^^^^^^^^^^^^^
_tkinter.TclError: invalid command name ".!entry5"
2026-01-09 18:48:58,764 - root - ERROR - Interface Error: A graphical interface error occurred.
2026-01-09 18:58:39,718 - root - INFO - Logging initialized.
2026-01-09 18:58:39,740 - root - INFO - Application started
2026-01-09 18:58:39,742 - root - INFO - Loaded 10 total questions from DB
2026-01-09 18:58:42,073 - root - INFO - ML Predictor initialized successfully
2026-01-09 18:58:42,083 - root - INFO - Using 10 questions based on settings
2026-01-09 19:14:30,029 - root - INFO - Logging initialized.
2026-01-09 19:14:30,051 - root - INFO - Application started
2026-01-09 19:14:30,059 - root - INFO - Loaded 10 total questions from DB
2026-01-09 19:14:32,373 - root - INFO - ML Predictor initialized successfully
2026-01-09 19:14:32,385 - root - INFO - Using 10 questions based on settings
2026-01-09 19:16:05,973 - root - INFO - Session started | user=rohan | age=20 | age_group=adult | profession=Professional | questions=10
2026-01-09 19:16:07,892 - root - CRITICAL - Unhandled exception in GUI
Traceback (most recent call last):
  File "C:\Python314\Lib\tkinter\__init__.py", line 2088, in __call__
    return self.func(*args)
           ~~~~~~~~~^^^^^^^
  File "B:\Open_Source\soul_sence_Exam\SOUL_SENSE_EXAM\app\main.py", line 838, in <lambda>
    self.root.bind("<Return>", lambda e: self.save_answer())
                                         ~~~~~~~~~~~~~~~~^^
TypeError: SoulSenseApp.save_answer() missing 1 required positional argument: 'value'
2026-01-09 19:16:08,030 - root - ERROR - Unexpected Error: An unexpected error occurred.
2026-01-09 19:16:10,363 - root - CRITICAL - Unhandled exception in GUI
Traceback (most recent call last):
  File "C:\Python314\Lib\tkinter\__init__.py", line 2088, in __call__
    return self.func(*args)
           ~~~~~~~~~^^^^^^^
  File "B:\Open_Source\soul_sence_Exam\SOUL_SENSE_EXAM\app\main.py", line 838, in <lambda>
    self.root.bind("<Return>", lambda e: self.save_answer())
                                         ~~~~~~~~~~~~~~~~^^
TypeError: SoulSenseApp.save_answer() missing 1 required positional argument: 'value'
2026-01-09 19:16:10,364 - root - ERROR - Unexpected Error: An unexpected error occurred.
2026-01-09 19:16:12,592 - root - CRITICAL - Unhandled exception in GUI
Traceback (most recent call last):
  File "C:\Python314\Lib\tkinter\__init__.py", line 2088, in __call__
    return self.func(*args)
           ~~~~~~~~~^^^^^^^
  File "B:\Open_Source\soul_sence_Exam\SOUL_SENSE_EXAM\app\main.py", line 838, in <lambda>
    self.root.bind("<Return>", lambda e: self.save_answer())
                                         ~~~~~~~~~~~~~~~~^^
TypeError: SoulSenseApp.save_answer() missing 1 required positional argument: 'value'
2026-01-09 19:16:12,592 - root - ERROR - Unexpected Error: An unexpected error occurred.
2026-01-09 19:16:14,955 - root - CRITICAL - Unhandled exception in GUI
Traceback (most recent call last):
  File "C:\Python314\Lib\tkinter\__init__.py", line 2088, in __call__
    return self.func(*args)
           ~~~~~~~~~^^^^^^^
  File "B:\Open_Source\soul_sence_Exam\SOUL_SENSE_EXAM\app\main.py", line 838, in <lambda>
    self.root.bind("<Return>", lambda e: self.save_answer())
                                         ~~~~~~~~~~~~~~~~^^
TypeError: SoulSenseApp.save_answer() missing 1 required positional argument: 'value'
2026-01-09 19:16:14,957 - root - ERROR - Unexpected Error: An unexpected error occurred.
2026-01-09 19:16:18,539 - root - CRITICAL - Unhandled exception in GUI
Traceback (most recent call last):
  File "C:\Python314\Lib\tkinter\__init__.py", line 2088, in __call__
    return self.func(*args)
           ~~~~~~~~~^^^^^^^
  File "B:\Open_Source\soul_sence_Exam\SOUL_SENSE_EXAM\app\main.py", line 838, in <lambda>
    self.root.bind("<Return>", lambda e: self.save_answer())
                                         ~~~~~~~~~~~~~~~~^^
TypeError: SoulSenseApp.save_answer() missing 1 required positional argument: 'value'
2026-01-09 19:16:18,541 - root - ERROR - Unexpected Error: An unexpected error occurred.
2026-01-09 19:16:55,197 - root - CRITICAL - Unhandled exception in GUI
Traceback (most recent call last):
  File "C:\Python314\Lib\tkinter\__init__.py", line 2088, in __call__
    return self.func(*args)
           ~~~~~~~~~^^^^^^^
  File "C:\Python314\Lib\tkinter\__init__.py", line 876, in callit
    func(*args, **kw)
    ~~~~^^^^^^^^^^^^^
  File "B:\Open_Source\soul_sence_Exam\SOUL_SENSE_EXAM\app\main.py", line 2437, in launch_main_app
    root.mainloop()
    ~~~~~~~~~~~~~^^
  File "C:\Python314\Lib\tkinter\__init__.py", line 1613, in mainloop
    self.tk.mainloop(n)
    ~~~~~~~~~~~~~~~~^^^
KeyboardInterrupt
2026-01-09 19:16:55,554 - root - ERROR - Unexpected Error: An unexpected error occurred.
2026-01-09 19:17:32,496 - root - CRITICAL - Unhandled exception in GUI
Traceback (most recent call last):
  File "C:\Python314\Lib\tkinter\__init__.py", line 2088, in __call__
    return self.func(*args)
           ~~~~~~~~~^^^^^^^
  File "B:\Open_Source\soul_sence_Exam\SOUL_SENSE_EXAM\app\main.py", line 838, in <lambda>
    self.root.bind("<Return>", lambda e: self.save_answer())
                                         ~~~~~~~~~~~~~~~~^^
TypeError: SoulSenseApp.save_answer() missing 1 required positional argument: 'value'
2026-01-09 19:17:32,497 - root - ERROR - Unexpected Error: An unexpected error occurred.
2026-01-09 19:19:20,763 - root - INFO - Logging initialized.
2026-01-09 19:19:20,767 - root - INFO - Application started
2026-01-09 19:19:20,768 - root - INFO - Loaded 10 total questions from DB
2026-01-09 19:19:23,135 - root - INFO - ML Predictor initialized successfully
2026-01-09 19:19:23,139 - root - INFO - Using 10 questions based on settings
2026-01-09 19:21:07,353 - root - INFO - Session started | user=rohan | age=20 | age_group=adult | profession=Healthcare | questions=10
2026-01-09 19:21:13,195 - root - CRITICAL - Unhandled exception in GUI
Traceback (most recent call last):
  File "C:\Python314\Lib\tkinter\__init__.py", line 2088, in __call__
    return self.func(*args)
           ~~~~~~~~~^^^^^^^
  File "B:\Open_Source\soul_sence_Exam\SOUL_SENSE_EXAM\app\main.py", line 838, in <lambda>
    self.root.bind("<Return>", lambda e: self.save_answer())
                                         ~~~~~~~~~~~~~~~~^^
TypeError: SoulSenseApp.save_answer() missing 1 required positional argument: 'value'
2026-01-09 19:21:13,206 - root - ERROR - Unexpected Error: An unexpected error occurred.
2026-01-09 19:21:18,007 - root - CRITICAL - Unhandled exception in GUI
Traceback (most recent call last):
  File "C:\Python314\Lib\tkinter\__init__.py", line 2088, in __call__
    return self.func(*args)
           ~~~~~~~~~^^^^^^^
  File "B:\Open_Source\soul_sence_Exam\SOUL_SENSE_EXAM\app\main.py", line 838, in <lambda>
    self.root.bind("<Return>", lambda e: self.save_answer())
                                         ~~~~~~~~~~~~~~~~^^
TypeError: SoulSenseApp.save_answer() missing 1 required positional argument: 'value'
2026-01-09 19:21:18,008 - root - ERROR - Unexpected Error: An unexpected error occurred.
2026-01-09 19:21:23,530 - root - CRITICAL - Unhandled exception in GUI
Traceback (most recent call last):
  File "C:\Python314\Lib\tkinter\__init__.py", line 2088, in __call__
    return self.func(*args)
           ~~~~~~~~~^^^^^^^
  File "B:\Open_Source\soul_sence_Exam\SOUL_SENSE_EXAM\app\main.py", line 838, in <lambda>
    self.root.bind("<Return>", lambda e: self.save_answer())
                                         ~~~~~~~~~~~~~~~~^^
TypeError: SoulSenseApp.save_answer() missing 1 required positional argument: 'value'
2026-01-09 19:21:23,532 - root - ERROR - Unexpected Error: An unexpected error occurred.
2026-01-09 19:21:25,483 - root - CRITICAL - Unhandled exception in GUI
Traceback (most recent call last):
  File "C:\Python314\Lib\tkinter\__init__.py", line 2088, in __call__
    return self.func(*args)
           ~~~~~~~~~^^^^^^^
  File "B:\Open_Source\soul_sence_Exam\SOUL_SENSE_EXAM\app\main.py", line 838, in <lambda>
    self.root.bind("<Return>", lambda e: self.save_answer())
                                         ~~~~~~~~~~~~~~~~^^
TypeError: SoulSenseApp.save_answer() missing 1 required positional argument: 'value'
2026-01-09 19:21:25,485 - root - ERROR - Unexpected Error: An unexpected error occurred.
2026-01-09 19:24:01,562 - root - INFO - Logging initialized.
2026-01-09 19:24:01,661 - root - INFO - Application started
2026-01-09 19:24:01,663 - root - INFO - Loaded 10 total questions from DB
2026-01-09 19:24:03,988 - root - INFO - ML Predictor initialized successfully
2026-01-09 19:24:03,990 - root - INFO - Using 10 questions based on settings
2026-01-09 19:24:16,794 - root - INFO - Session started | user=rohan | age=20 | age_group=adult | profession=Student | questions=10
2026-01-09 19:24:19,243 - root - CRITICAL - Unhandled exception in GUI
Traceback (most recent call last):
  File "C:\Python314\Lib\tkinter\__init__.py", line 2088, in __call__
    return self.func(*args)
           ~~~~~~~~~^^^^^^^
  File "B:\Open_Source\soul_sence_Exam\SOUL_SENSE_EXAM\app\main.py", line 838, in <lambda>
    self.root.bind("<Return>", lambda e: self.save_answer())
                                         ~~~~~~~~~~~~~~~~^^
TypeError: SoulSenseApp.save_answer() missing 1 required positional argument: 'value'
2026-01-09 19:24:19,247 - root - ERROR - Unexpected Error: An unexpected error occurred.
2026-01-09 19:24:37,264 - root - CRITICAL - Unhandled exception in GUI
Traceback (most recent call last):
  File "C:\Python314\Lib\tkinter\__init__.py", line 2088, in __call__
    return self.func(*args)
           ~~~~~~~~~^^^^^^^
  File "C:\Python314\Lib\tkinter\__init__.py", line 876, in callit
    func(*args, **kw)
    ~~~~^^^^^^^^^^^^^
  File "B:\Open_Source\soul_sence_Exam\SOUL_SENSE_EXAM\app\main.py", line 2464, in launch_main_app
    root.mainloop()
    ~~~~~~~~~~~~~^^
  File "C:\Python314\Lib\tkinter\__init__.py", line 1613, in mainloop
    self.tk.mainloop(n)
    ~~~~~~~~~~~~~~~~^^^
KeyboardInterrupt
2026-01-09 19:24:37,265 - root - ERROR - Unexpected Error: An unexpected error occurred.
2026-01-09 19:28:43,585 - root - INFO - Logging initialized.
2026-01-09 19:28:43,601 - root - INFO - Application started
2026-01-09 19:28:43,604 - root - INFO - Loaded 10 total questions from DB
2026-01-09 19:28:45,943 - root - INFO - ML Predictor initialized successfully
2026-01-09 19:28:45,956 - root - INFO - Using 10 questions based on settings
2026-01-09 19:29:19,668 - root - INFO - Session started | user=rohan | age=20 | age_group=adult | profession=Student | questions=10
2026-01-09 19:29:47,491 - root - ERROR - Error analyzing sentiment: 'SoulSenseApp' object has no attribute 'sia'
2026-01-09 19:34:45,395 - root - INFO - Logging initialized.
2026-01-09 19:34:45,495 - root - INFO - Application started
2026-01-09 19:34:45,499 - root - INFO - Loaded 10 total questions from DB
2026-01-09 19:34:47,968 - root - INFO - ML Predictor initialized successfully
2026-01-09 19:34:47,973 - root - INFO - Using 10 questions based on settings
2026-01-09 19:35:02,380 - root - INFO - Session started | user=rohan | age=20 | age_group=adult | profession=Student | questions=10
2026-01-09 19:36:23,309 - root - INFO - Logging initialized.
2026-01-09 19:36:23,321 - root - INFO - Application started
2026-01-09 19:36:23,322 - root - INFO - Loaded 10 total questions from DB
2026-01-09 19:36:25,637 - root - INFO - ML Predictor initialized successfully
2026-01-09 19:36:25,660 - root - INFO - SentimentIntensityAnalyzer initialized successfully
2026-01-09 19:36:25,660 - root - INFO - Using 10 questions based on settings
2026-01-09 19:36:42,917 - root - INFO - Session started | user=rohan | age=20 | age_group=adult | profession=Manager | questions=10
2026-01-09 19:39:36,117 - root - INFO - Session started | user=rohan | age=20 | age_group=adult | profession=Student | questions=10
2026-01-09 19:39:54,648 - root - INFO - Session started | user=rohan | age=20 | age_group=adult | profession=Professional | questions=10
2026-01-09 19:40:10,127 - root - INFO - Session started | user=rohan | age=20 | age_group=adult | profession=Student | questions=10
2026-01-09 19:44:59,379 - root - INFO - Logging initialized.
2026-01-09 19:44:59,383 - root - INFO - Application started
2026-01-09 19:44:59,385 - root - INFO - Loaded 10 total questions from DB
2026-01-09 19:45:01,695 - root - INFO - ML Predictor initialized successfully
2026-01-09 19:45:01,725 - root - INFO - SentimentIntensityAnalyzer initialized successfully
2026-01-09 19:45:01,743 - root - INFO - Using 10 questions based on settings
2026-01-09 19:54:41,395 - root - INFO - Logging initialized.
2026-01-09 19:54:41,400 - root - INFO - Application started
2026-01-09 19:54:41,401 - root - INFO - Loaded 10 total questions from DB
2026-01-09 19:54:43,708 - root - INFO - ML Predictor initialized successfully
2026-01-09 19:54:43,738 - root - INFO - SentimentIntensityAnalyzer initialized successfully
2026-01-09 19:54:43,753 - root - INFO - Using 10 questions based on settings
2026-01-09 19:55:07,980 - root - CRITICAL - Unhandled exception in GUI
Traceback (most recent call last):
  File "C:\Python314\Lib\tkinter\__init__.py", line 2088, in __call__
    return self.func(*args)
           ~~~~~~~~~^^^^^^^
  File "B:\Open_Source\soul_sence_Exam\SOUL_SENSE_EXAM\journal_feature.py", line 248, in open_dashboard
    dashboard.open_dashboard()
    ~~~~~~~~~~~~~~~~~~~~~~~~^^
  File "B:\Open_Source\soul_sence_Exam\SOUL_SENSE_EXAM\analytics_dashboard.py", line 46, in open_dashboard
    self.show_eq_trends(eq_frame)
    ~~~~~~~~~~~~~~~~~~~^^^^^^^^^^
  File "B:\Open_Source\soul_sence_Exam\SOUL_SENSE_EXAM\analytics_dashboard.py", line 62, in show_eq_trends
    cursor.execute("""
    ~~~~~~~~~~~~~~^^^^
    SELECT total_score, timestamp, id, sentiment_score
    ^^^^^^^^^^^^^^^^^^^^^^^^^^^^^^^^^^^^^^^^^^^^^^^^^^
    ...<2 lines>...
    ORDER BY id
    ^^^^^^^^^^^
    """, (self.username,))
    ^^^^^^^^^^^^^^^^^^^^^^
sqlite3.OperationalError: no such column: sentiment_score
2026-01-09 19:55:07,983 - root - ERROR - Unexpected Error: An unexpected error occurred.
2026-01-09 20:03:49,384 - root - INFO - Logging initialized.
2026-01-09 20:03:49,397 - root - INFO - Application started
2026-01-09 20:03:49,398 - root - INFO - Loaded 10 total questions from DB
2026-01-09 20:03:51,837 - root - INFO - ML Predictor initialized successfully
2026-01-09 20:03:51,886 - root - INFO - SentimentIntensityAnalyzer initialized successfully
2026-01-09 20:03:51,895 - root - INFO - Using 10 questions based on settings
2026-01-09 20:05:59,756 - root - INFO - Session started | user=rohan | age=20 | age_group=adult | profession=Student | questions=10
2026-01-09 20:10:22,593 - root - INFO - Logging initialized.
2026-01-09 20:10:22,673 - root - INFO - Application started
2026-01-09 20:10:22,678 - root - INFO - Loaded 10 total questions from DB
2026-01-09 20:10:25,341 - root - ERROR - Failed to initialize ML Predictor: could not broadcast input array from shape (9,) into shape (8,)
2026-01-09 20:10:25,375 - root - INFO - SentimentIntensityAnalyzer initialized successfully
2026-01-09 20:10:25,376 - root - INFO - Using 10 questions based on settings
2026-01-09 20:12:41,766 - root - INFO - Session started | user=rohan | age=20 | age_group=adult | profession=Student | questions=10
2026-01-09 20:15:51,860 - root - INFO - Logging initialized.
2026-01-09 20:15:51,866 - root - INFO - Application started
2026-01-09 20:15:51,867 - root - INFO - Loaded 10 total questions from DB
2026-01-09 20:15:54,195 - root - INFO - ML Predictor initialized successfully
2026-01-09 20:15:54,242 - root - INFO - SentimentIntensityAnalyzer initialized successfully
2026-01-09 20:15:54,262 - root - INFO - Using 10 questions based on settings
2026-01-09 20:16:09,226 - root - INFO - Session started | user=rohan | age=20 | age_group=adult | profession=Professional | questions=10
2026-01-09 20:18:58,153 - root - INFO - Session started | user=rohan | age=20 | age_group=adult | profession=Student | questions=10
2026-01-09 20:21:41,846 - root - INFO - Logging initialized.
2026-01-09 20:21:41,943 - root - INFO - Application started
2026-01-09 20:21:41,945 - root - INFO - Loaded 10 total questions from DB
2026-01-09 20:21:44,416 - root - INFO - ML Predictor initialized successfully
2026-01-09 20:21:44,443 - root - INFO - SentimentIntensityAnalyzer initialized successfully
2026-01-09 20:21:44,461 - root - INFO - Using 10 questions based on settings
2026-01-09 20:23:20,676 - root - INFO - Session started | user=rohan | age=20 | age_group=adult | profession=Student | questions=10
2026-01-09 20:24:36,882 - root - INFO - Session started | user=rohan | age=20 | age_group=adult | profession=Student | questions=10
2026-01-10 15:58:38,791 - root - INFO - Logging initialized.
2026-01-10 15:58:38,801 - root - INFO - Application started
2026-01-10 15:58:38,816 - root - INFO - Loaded 10 total questions from DB
2026-01-10 15:58:41,610 - root - ERROR - Failed to initialize ML Predictor: 'NoneType' object is not callable
2026-01-10 15:58:41,692 - root - INFO - SentimentIntensityAnalyzer initialized successfully
2026-01-10 15:58:41,692 - root - INFO - Using 10 questions based on settings
2026-01-10 16:00:10,640 - app.db - ERROR - Unexpected error in DB context: 'Response' object is not subscriptable
Traceback (most recent call last):
  File "B:\Open_Source\soul_sence_Exam\SOUL_SENSE_EXAM\app\db.py", line 32, in safe_db_context
    yield session
  File "B:\Open_Source\soul_sence_Exam\SOUL_SENSE_EXAM\app\time_based_analysis.py", line 218, in analyze_response_patterns_over_time
    all_values = [r["response_value"] for r in responses]
                  ~^^^^^^^^^^^^^^^^^^
TypeError: 'Response' object is not subscriptable
2026-01-10 16:00:10,643 - app.time_based_analysis - ERROR - Error analyzing response patterns for rohan: An unexpected database error occurred.
2026-01-10 16:00:10,737 - emotional_profile_clustering - WARNING - Model not fitted. Call fit() first.
2026-01-10 16:05:40,704 - root - INFO - Logging initialized.
2026-01-10 16:05:40,713 - root - INFO - Application started
2026-01-10 16:05:40,724 - root - INFO - Loaded 10 total questions from DB
2026-01-10 16:05:43,104 - root - INFO - ML Predictor initialized successfully
2026-01-10 16:05:43,150 - root - INFO - SentimentIntensityAnalyzer initialized successfully
2026-01-10 16:05:43,150 - root - INFO - Using 10 questions based on settings
2026-01-10 16:06:07,728 - root - INFO - Session started | user=rohan | age=20 | age_group=adult | profession=Student | questions=10
2026-01-10 16:07:34,028 - app.pdf_generator - ERROR - Failed to generate PDF report: 'PDFReportGenerator' object has no attribute '_get_interpretation'
Traceback (most recent call last):
  File "B:\Open_Source\soul_sence_Exam\SOUL_SENSE_EXAM\app\pdf_generator.py", line 76, in generate
    summary = self._get_interpretation(score_data['total_score'], score_data['max_score'])
              ^^^^^^^^^^^^^^^^^^^^^^^^
AttributeError: 'PDFReportGenerator' object has no attribute '_get_interpretation'
2026-01-10 16:07:50,580 - app.pdf_generator - ERROR - Failed to generate PDF report: 'PDFReportGenerator' object has no attribute '_get_interpretation'
Traceback (most recent call last):
  File "B:\Open_Source\soul_sence_Exam\SOUL_SENSE_EXAM\app\pdf_generator.py", line 76, in generate
    summary = self._get_interpretation(score_data['total_score'], score_data['max_score'])
              ^^^^^^^^^^^^^^^^^^^^^^^^
AttributeError: 'PDFReportGenerator' object has no attribute '_get_interpretation'
2026-01-10 16:11:06,258 - root - INFO - Logging initialized.
2026-01-10 16:11:06,259 - root - INFO - Application started
2026-01-10 16:11:06,261 - root - INFO - Loaded 10 total questions from DB
2026-01-10 16:11:08,539 - root - INFO - ML Predictor initialized successfully
2026-01-10 16:11:08,557 - root - INFO - SentimentIntensityAnalyzer initialized successfully
2026-01-10 16:11:08,558 - root - INFO - Using 10 questions based on settings
2026-01-10 16:11:36,256 - root - INFO - Session started | user=rohan | age=20 | age_group=adult | profession=Student | questions=10
2026-01-10 16:12:16,545 - app.pdf_generator - INFO - PDF Report generated successfully: C:/Users/Rohan Rathod/Downloads/SoulSense_Report_rohan_20260110.pdf
2026-01-10 16:14:21,363 - app.db - ERROR - Unexpected error in DB context: 'Response' object is not subscriptable
Traceback (most recent call last):
  File "B:\Open_Source\soul_sence_Exam\SOUL_SENSE_EXAM\app\db.py", line 32, in safe_db_context
    yield session
  File "B:\Open_Source\soul_sence_Exam\SOUL_SENSE_EXAM\app\time_based_analysis.py", line 218, in analyze_response_patterns_over_time
    all_values = [r["response_value"] for r in responses]
                  ~^^^^^^^^^^^^^^^^^^
TypeError: 'Response' object is not subscriptable
2026-01-10 16:14:21,380 - app.time_based_analysis - ERROR - Error analyzing response patterns for rohan: An unexpected database error occurred.
2026-01-10 16:14:21,456 - emotional_profile_clustering - WARNING - Model not fitted. Call fit() first.
2026-01-10 16:29:07,687 - root - INFO - Logging initialized.
2026-01-10 16:31:39,428 - root - INFO - Session started | user=rohan | age=20 | questions=10
2026-01-10 16:31:42,421 - root - CRITICAL - Unhandled exception in GUI
Traceback (most recent call last):
  File "C:\Python314\Lib\tkinter\__init__.py", line 2088, in __call__
    return self.func(*args)
           ~~~~~~~~~^^^^^^^
  File "B:\Open_Source\soul_sence_Exam\SOUL_SENSE_EXAM\app\ui\auth.py", line 195, in _enter_start
    self.process_start_input()
    ~~~~~~~~~~~~~~~~~~~~~~~~^^
  File "B:\Open_Source\soul_sence_Exam\SOUL_SENSE_EXAM\app\ui\auth.py", line 199, in process_start_input
    username = self.name_entry.get().strip()
               ~~~~~~~~~~~~~~~~~~~^^
  File "C:\Python314\Lib\tkinter\__init__.py", line 3276, in get
    return self.tk.call(self._w, 'get')
           ~~~~~~~~~~~~^^^^^^^^^^^^^^^^
_tkinter.TclError: invalid command name ".!entry"
2026-01-10 16:31:42,450 - root - ERROR - Unexpected Error: An error occurred.
2026-01-10 16:31:45,217 - root - CRITICAL - Unhandled exception in GUI
Traceback (most recent call last):
  File "C:\Python314\Lib\tkinter\__init__.py", line 2088, in __call__
    return self.func(*args)
           ~~~~~~~~~^^^^^^^
  File "B:\Open_Source\soul_sence_Exam\SOUL_SENSE_EXAM\app\ui\auth.py", line 195, in _enter_start
    self.process_start_input()
    ~~~~~~~~~~~~~~~~~~~~~~~~^^
  File "B:\Open_Source\soul_sence_Exam\SOUL_SENSE_EXAM\app\ui\auth.py", line 199, in process_start_input
    username = self.name_entry.get().strip()
               ~~~~~~~~~~~~~~~~~~~^^
  File "C:\Python314\Lib\tkinter\__init__.py", line 3276, in get
    return self.tk.call(self._w, 'get')
           ~~~~~~~~~~~~^^^^^^^^^^^^^^^^
_tkinter.TclError: invalid command name ".!entry"
2026-01-10 16:31:45,218 - root - ERROR - Unexpected Error: An error occurred.
2026-01-10 16:31:46,789 - root - CRITICAL - Unhandled exception in GUI
Traceback (most recent call last):
  File "C:\Python314\Lib\tkinter\__init__.py", line 2088, in __call__
    return self.func(*args)
           ~~~~~~~~~^^^^^^^
  File "B:\Open_Source\soul_sence_Exam\SOUL_SENSE_EXAM\app\ui\auth.py", line 195, in _enter_start
    self.process_start_input()
    ~~~~~~~~~~~~~~~~~~~~~~~~^^
  File "B:\Open_Source\soul_sence_Exam\SOUL_SENSE_EXAM\app\ui\auth.py", line 199, in process_start_input
    username = self.name_entry.get().strip()
               ~~~~~~~~~~~~~~~~~~~^^
  File "C:\Python314\Lib\tkinter\__init__.py", line 3276, in get
    return self.tk.call(self._w, 'get')
           ~~~~~~~~~~~~^^^^^^^^^^^^^^^^
_tkinter.TclError: invalid command name ".!entry"
2026-01-10 16:31:46,790 - root - ERROR - Unexpected Error: An error occurred.
2026-01-10 16:31:51,757 - root - CRITICAL - Unhandled exception in GUI
Traceback (most recent call last):
  File "C:\Python314\Lib\tkinter\__init__.py", line 2088, in __call__
    return self.func(*args)
           ~~~~~~~~~^^^^^^^
  File "B:\Open_Source\soul_sence_Exam\SOUL_SENSE_EXAM\app\ui\auth.py", line 195, in _enter_start
    self.process_start_input()
    ~~~~~~~~~~~~~~~~~~~~~~~~^^
  File "B:\Open_Source\soul_sence_Exam\SOUL_SENSE_EXAM\app\ui\auth.py", line 199, in process_start_input
    username = self.name_entry.get().strip()
               ~~~~~~~~~~~~~~~~~~~^^
  File "C:\Python314\Lib\tkinter\__init__.py", line 3276, in get
    return self.tk.call(self._w, 'get')
           ~~~~~~~~~~~~^^^^^^^^^^^^^^^^
_tkinter.TclError: invalid command name ".!entry"
2026-01-10 16:31:51,758 - root - ERROR - Unexpected Error: An error occurred.
2026-01-10 16:32:00,202 - root - CRITICAL - Unhandled exception in GUI
Traceback (most recent call last):
  File "C:\Python314\Lib\tkinter\__init__.py", line 2088, in __call__
    return self.func(*args)
           ~~~~~~~~~^^^^^^^
  File "B:\Open_Source\soul_sence_Exam\SOUL_SENSE_EXAM\app\ui\auth.py", line 195, in _enter_start
    self.process_start_input()
    ~~~~~~~~~~~~~~~~~~~~~~~~^^
  File "B:\Open_Source\soul_sence_Exam\SOUL_SENSE_EXAM\app\ui\auth.py", line 199, in process_start_input
    username = self.name_entry.get().strip()
               ~~~~~~~~~~~~~~~~~~~^^
  File "C:\Python314\Lib\tkinter\__init__.py", line 3276, in get
    return self.tk.call(self._w, 'get')
           ~~~~~~~~~~~~^^^^^^^^^^^^^^^^
_tkinter.TclError: invalid command name ".!entry"
2026-01-10 16:32:00,311 - root - ERROR - Unexpected Error: An error occurred.
2026-01-10 16:32:04,497 - root - CRITICAL - Unhandled exception in GUI
Traceback (most recent call last):
  File "C:\Python314\Lib\tkinter\__init__.py", line 2088, in __call__
    return self.func(*args)
           ~~~~~~~~~^^^^^^^
  File "B:\Open_Source\soul_sence_Exam\SOUL_SENSE_EXAM\app\ui\auth.py", line 195, in _enter_start
    self.process_start_input()
    ~~~~~~~~~~~~~~~~~~~~~~~~^^
  File "B:\Open_Source\soul_sence_Exam\SOUL_SENSE_EXAM\app\ui\auth.py", line 199, in process_start_input
    username = self.name_entry.get().strip()
               ~~~~~~~~~~~~~~~~~~~^^
  File "C:\Python314\Lib\tkinter\__init__.py", line 3276, in get
    return self.tk.call(self._w, 'get')
           ~~~~~~~~~~~~^^^^^^^^^^^^^^^^
_tkinter.TclError: invalid command name ".!entry"
2026-01-10 16:32:04,499 - root - ERROR - Unexpected Error: An error occurred.
2026-01-10 16:32:34,930 - root - INFO - Results saved for rohan
2026-01-10 16:37:27,404 - root - CRITICAL - Unhandled exception in GUI
Traceback (most recent call last):
  File "C:\Python314\Lib\tkinter\__init__.py", line 2088, in __call__
    return self.func(*args)
           ~~~~~~~~~^^^^^^^
  File "B:\Open_Source\soul_sence_Exam\SOUL_SENSE_EXAM\app\main.py", line 204, in open_journal_flow
    self.journal_feature.show_journal_home(
    ^^^^^^^^^^^^^^^^^^^^^^^^^^^^^^^^^^^^^^
AttributeError: 'JournalFeature' object has no attribute 'show_journal_home'
2026-01-10 16:37:27,521 - root - ERROR - Unexpected Error: An error occurred.
2026-01-10 16:42:10,793 - root - INFO - Logging initialized.
2026-01-10 16:42:55,570 - root - INFO - Session started | user=rohan | age=20 | questions=10
2026-01-10 16:42:57,236 - root - CRITICAL - Unhandled exception in GUI
Traceback (most recent call last):
  File "C:\Python314\Lib\tkinter\__init__.py", line 2088, in __call__
    return self.func(*args)
           ~~~~~~~~~^^^^^^^
  File "B:\Open_Source\soul_sence_Exam\SOUL_SENSE_EXAM\app\ui\auth.py", line 195, in _enter_start
    self.process_start_input()
    ~~~~~~~~~~~~~~~~~~~~~~~~^^
  File "B:\Open_Source\soul_sence_Exam\SOUL_SENSE_EXAM\app\ui\auth.py", line 199, in process_start_input
    username = self.name_entry.get().strip()
               ~~~~~~~~~~~~~~~~~~~^^
  File "C:\Python314\Lib\tkinter\__init__.py", line 3276, in get
    return self.tk.call(self._w, 'get')
           ~~~~~~~~~~~~^^^^^^^^^^^^^^^^
_tkinter.TclError: invalid command name ".!entry"
2026-01-10 16:42:57,241 - root - ERROR - Unexpected Error: An error occurred.
2026-01-10 16:42:58,210 - root - CRITICAL - Unhandled exception in GUI
Traceback (most recent call last):
  File "C:\Python314\Lib\tkinter\__init__.py", line 2088, in __call__
    return self.func(*args)
           ~~~~~~~~~^^^^^^^
  File "B:\Open_Source\soul_sence_Exam\SOUL_SENSE_EXAM\app\ui\auth.py", line 195, in _enter_start
    self.process_start_input()
    ~~~~~~~~~~~~~~~~~~~~~~~~^^
  File "B:\Open_Source\soul_sence_Exam\SOUL_SENSE_EXAM\app\ui\auth.py", line 199, in process_start_input
    username = self.name_entry.get().strip()
               ~~~~~~~~~~~~~~~~~~~^^
  File "C:\Python314\Lib\tkinter\__init__.py", line 3276, in get
    return self.tk.call(self._w, 'get')
           ~~~~~~~~~~~~^^^^^^^^^^^^^^^^
_tkinter.TclError: invalid command name ".!entry"
2026-01-10 16:42:58,212 - root - ERROR - Unexpected Error: An error occurred.
2026-01-10 16:43:12,003 - root - CRITICAL - Unhandled exception in GUI
Traceback (most recent call last):
  File "C:\Python314\Lib\tkinter\__init__.py", line 2088, in __call__
    return self.func(*args)
           ~~~~~~~~~^^^^^^^
  File "B:\Open_Source\soul_sence_Exam\SOUL_SENSE_EXAM\app\ui\auth.py", line 195, in _enter_start
    self.process_start_input()
    ~~~~~~~~~~~~~~~~~~~~~~~~^^
  File "B:\Open_Source\soul_sence_Exam\SOUL_SENSE_EXAM\app\ui\auth.py", line 199, in process_start_input
    username = self.name_entry.get().strip()
               ~~~~~~~~~~~~~~~~~~~^^
  File "C:\Python314\Lib\tkinter\__init__.py", line 3276, in get
    return self.tk.call(self._w, 'get')
           ~~~~~~~~~~~~^^^^^^^^^^^^^^^^
_tkinter.TclError: invalid command name ".!entry"
2026-01-10 16:43:12,005 - root - ERROR - Unexpected Error: An error occurred.
2026-01-10 16:43:30,805 - root - INFO - Results saved for rohan
2026-01-10 16:57:38,462 - root - INFO - Logging initialized.
2026-01-10 16:57:38,468 - root - INFO - Application started
2026-01-10 16:57:38,471 - root - INFO - Loaded 10 total questions from DB
2026-01-10 16:57:40,863 - root - INFO - ML Predictor initialized successfully
2026-01-10 16:57:40,880 - root - INFO - SentimentIntensityAnalyzer initialized successfully
2026-01-10 16:57:40,881 - root - INFO - Using 9 questions based on settings
2026-01-10 16:59:48,852 - root - INFO - Session started | user=rohan | age=20 | age_group=adult | profession=Student | questions=9
2026-01-10 16:59:57,948 - root - INFO - Logging initialized.
2026-01-10 16:59:57,949 - root - INFO - Application started
2026-01-10 16:59:57,982 - root - INFO - Loaded 10 total questions from DB
2026-01-10 16:59:58,111 - root - INFO - ML Predictor initialized successfully
2026-01-10 16:59:58,154 - root - INFO - SentimentIntensityAnalyzer initialized successfully
2026-01-10 16:59:58,154 - root - INFO - Using 9 questions based on settings
2026-01-10 17:00:25,564 - root - INFO - Logging initialized.
2026-01-10 17:00:25,565 - root - INFO - Application started
2026-01-10 17:00:25,578 - root - INFO - Loaded 10 total questions from DB
2026-01-10 17:00:27,822 - root - ERROR - Failed to initialize ML Predictor: 'NoneType' object is not callable
2026-01-10 17:00:27,970 - root - INFO - SentimentIntensityAnalyzer initialized successfully
2026-01-10 17:00:27,971 - root - INFO - Using 9 questions based on settings
2026-01-10 17:02:21,821 - root - INFO - Logging initialized.
2026-01-10 17:02:21,831 - root - INFO - Application started
2026-01-10 17:02:21,841 - root - INFO - Loaded 10 total questions from DB
2026-01-10 17:02:21,866 - root - INFO - Logging initialized.
2026-01-10 17:02:21,866 - root - INFO - Application started
2026-01-10 17:02:21,868 - root - INFO - Loaded 10 total questions from DB
2026-01-10 17:02:21,985 - root - INFO - ML Predictor initialized successfully
2026-01-10 17:02:22,030 - root - INFO - SentimentIntensityAnalyzer initialized successfully
2026-01-10 17:02:22,032 - root - INFO - Using 9 questions based on settings
2026-01-10 17:02:24,111 - root - INFO - ML Predictor initialized successfully
2026-01-10 17:02:24,139 - root - INFO - SentimentIntensityAnalyzer initialized successfully
2026-01-10 17:02:24,144 - root - INFO - Using 9 questions based on settings
2026-01-10 17:02:59,302 - root - INFO - Session started | user=rohan | age=20 | age_group=adult | profession=Student | questions=9
2026-01-10 17:03:26,002 - app.db - ERROR - Unexpected error in DB context: 'Response' object is not subscriptable
Traceback (most recent call last):
  File "B:\Open_Source\soul_sence_Exam\SOUL_SENSE_EXAM\app\db.py", line 32, in safe_db_context
    yield session
  File "B:\Open_Source\soul_sence_Exam\SOUL_SENSE_EXAM\app\time_based_analysis.py", line 218, in analyze_response_patterns_over_time
    all_values = [r["response_value"] for r in responses]
                  ~^^^^^^^^^^^^^^^^^^
TypeError: 'Response' object is not subscriptable
2026-01-10 17:03:26,070 - app.time_based_analysis - ERROR - Error analyzing response patterns for rohan: An unexpected database error occurred.
2026-01-10 17:03:26,258 - emotional_profile_clustering - WARNING - Model not fitted. Call fit() first.
2026-01-10 17:03:38,094 - app.db - ERROR - Unexpected error in DB context: 'Response' object is not subscriptable
Traceback (most recent call last):
  File "B:\Open_Source\soul_sence_Exam\SOUL_SENSE_EXAM\app\db.py", line 32, in safe_db_context
    yield session
  File "B:\Open_Source\soul_sence_Exam\SOUL_SENSE_EXAM\app\time_based_analysis.py", line 218, in analyze_response_patterns_over_time
    all_values = [r["response_value"] for r in responses]
                  ~^^^^^^^^^^^^^^^^^^
TypeError: 'Response' object is not subscriptable
2026-01-10 17:03:38,095 - app.time_based_analysis - ERROR - Error analyzing response patterns for rohan: An unexpected database error occurred.
2026-01-10 17:03:38,108 - emotional_profile_clustering - WARNING - Model not fitted. Call fit() first.
2026-01-10 17:06:08,257 - root - CRITICAL - Unhandled exception in GUI
Traceback (most recent call last):
  File "C:\Python314\Lib\tkinter\__init__.py", line 2088, in __call__
    return self.func(*args)
           ~~~~~~~~~^^^^^^^
  File "B:\Open_Source\soul_sence_Exam\SOUL_SENSE_EXAM\app\main.py", line 641, in reset_defaults
    def reset_defaults():
    
NameError: name 'DEFAULT_SETTINGS' is not defined
2026-01-10 17:06:08,270 - root - ERROR - Unexpected Error: An unexpected error occurred.
2026-01-10 17:06:42,303 - root - INFO - Logging initialized.
2026-01-10 17:06:42,304 - root - INFO - Application started
2026-01-10 17:06:42,431 - root - INFO - Loaded 10 total questions from DB
2026-01-10 17:06:42,649 - root - INFO - ML Predictor initialized successfully
2026-01-10 17:06:42,690 - root - INFO - SentimentIntensityAnalyzer initialized successfully
2026-01-10 17:06:42,690 - root - INFO - Using 9 questions based on settings
2026-01-10 17:07:04,102 - root - INFO - Logging initialized.
2026-01-10 17:07:04,102 - root - INFO - Application started
2026-01-10 17:07:04,104 - root - INFO - Loaded 10 total questions from DB
2026-01-10 17:07:06,257 - root - ERROR - Failed to initialize ML Predictor: 'NoneType' object is not callable
2026-01-10 17:07:06,277 - root - INFO - SentimentIntensityAnalyzer initialized successfully
2026-01-10 17:07:06,277 - root - INFO - Using 9 questions based on settings
2026-01-10 17:07:40,046 - root - INFO - Session started | user=rohan | age=20 | age_group=adult | profession=Student | questions=9
2026-01-10 17:21:29,425 - root - INFO - Logging initialized.
2026-01-10 17:21:29,435 - root - INFO - Application started
2026-01-10 17:21:29,443 - root - INFO - Loaded 10 total questions from DB
2026-01-10 17:21:29,606 - root - INFO - ML Predictor initialized successfully
2026-01-10 17:21:29,644 - root - INFO - SentimentIntensityAnalyzer initialized successfully
2026-01-10 17:21:29,645 - root - INFO - Using 9 questions based on settings
2026-01-10 17:22:14,780 - root - INFO - Logging initialized.
2026-01-10 17:22:14,781 - root - INFO - Application started
2026-01-10 17:22:14,782 - root - INFO - Loaded 10 total questions from DB
2026-01-10 17:22:14,855 - root - INFO - ML Predictor initialized successfully
2026-01-10 17:22:14,869 - root - INFO - SentimentIntensityAnalyzer initialized successfully
2026-01-10 17:22:14,869 - root - INFO - Using 9 questions based on settings
2026-01-10 17:23:18,116 - root - INFO - Logging initialized.
2026-01-10 17:23:18,117 - root - INFO - Application started
2026-01-10 17:23:18,118 - root - INFO - Loaded 10 total questions from DB
2026-01-10 17:23:20,309 - root - INFO - ML Predictor initialized successfully
2026-01-10 17:23:20,325 - root - INFO - SentimentIntensityAnalyzer initialized successfully
2026-01-10 17:23:20,325 - root - INFO - Using 9 questions based on settings
2026-01-10 17:23:33,510 - root - INFO - Session started | user=rohan | age=20 | age_group=adult | profession=Student | questions=9
2026-01-10 17:23:34,832 - root - CRITICAL - Unhandled exception in GUI
Traceback (most recent call last):
  File "C:\Python314\Lib\tkinter\__init__.py", line 2088, in __call__
    return self.func(*args)
           ~~~~~~~~~^^^^^^^
  File "B:\Open_Source\soul_sence_Exam\SOUL_SENSE_EXAM\app\ui\auth.py", line 224, in _enter_start
    self.app.start_test()
    ~~~~~~~~~~~~~~~~~~~^^
  File "B:\Open_Source\soul_sence_Exam\SOUL_SENSE_EXAM\app\main.py", line 643, in start_test
    self.exam.start_test()
    ~~~~~~~~~~~~~~~~~~~~^^
  File "B:\Open_Source\soul_sence_Exam\SOUL_SENSE_EXAM\app\ui\exam.py", line 25, in start_test
    self.app.username = self.app.name_entry.get().strip()
                        ~~~~~~~~~~~~~~~~~~~~~~~^^
  File "C:\Python314\Lib\tkinter\__init__.py", line 3276, in get
    return self.tk.call(self._w, 'get')
           ~~~~~~~~~~~~^^^^^^^^^^^^^^^^
_tkinter.TclError: invalid command name ".!entry"
2026-01-10 17:23:34,838 - root - ERROR - Interface Error: A graphical interface error occurred.
2026-01-10 17:23:38,269 - root - CRITICAL - Unhandled exception in GUI
Traceback (most recent call last):
  File "C:\Python314\Lib\tkinter\__init__.py", line 2088, in __call__
    return self.func(*args)
           ~~~~~~~~~^^^^^^^
  File "B:\Open_Source\soul_sence_Exam\SOUL_SENSE_EXAM\app\ui\auth.py", line 224, in _enter_start
    self.app.start_test()
    ~~~~~~~~~~~~~~~~~~~^^
  File "B:\Open_Source\soul_sence_Exam\SOUL_SENSE_EXAM\app\main.py", line 643, in start_test
    self.exam.start_test()
    ~~~~~~~~~~~~~~~~~~~~^^
  File "B:\Open_Source\soul_sence_Exam\SOUL_SENSE_EXAM\app\ui\exam.py", line 25, in start_test
    self.app.username = self.app.name_entry.get().strip()
                        ~~~~~~~~~~~~~~~~~~~~~~~^^
  File "C:\Python314\Lib\tkinter\__init__.py", line 3276, in get
    return self.tk.call(self._w, 'get')
           ~~~~~~~~~~~~^^^^^^^^^^^^^^^^
_tkinter.TclError: invalid command name ".!entry"
2026-01-10 17:23:38,271 - root - ERROR - Interface Error: A graphical interface error occurred.
2026-01-10 17:23:44,481 - root - CRITICAL - Unhandled exception in GUI
Traceback (most recent call last):
  File "C:\Python314\Lib\tkinter\__init__.py", line 2088, in __call__
    return self.func(*args)
           ~~~~~~~~~^^^^^^^
  File "B:\Open_Source\soul_sence_Exam\SOUL_SENSE_EXAM\app\ui\auth.py", line 224, in _enter_start
    self.app.start_test()
    ~~~~~~~~~~~~~~~~~~~^^
  File "B:\Open_Source\soul_sence_Exam\SOUL_SENSE_EXAM\app\main.py", line 643, in start_test
    self.exam.start_test()
    ~~~~~~~~~~~~~~~~~~~~^^
  File "B:\Open_Source\soul_sence_Exam\SOUL_SENSE_EXAM\app\ui\exam.py", line 25, in start_test
    self.app.username = self.app.name_entry.get().strip()
                        ~~~~~~~~~~~~~~~~~~~~~~~^^
  File "C:\Python314\Lib\tkinter\__init__.py", line 3276, in get
    return self.tk.call(self._w, 'get')
           ~~~~~~~~~~~~^^^^^^^^^^^^^^^^
_tkinter.TclError: invalid command name ".!entry"
2026-01-10 17:23:44,482 - root - ERROR - Interface Error: A graphical interface error occurred.
2026-01-10 17:24:26,976 - root - CRITICAL - Unhandled exception in GUI
Traceback (most recent call last):
  File "C:\Python314\Lib\tkinter\__init__.py", line 2088, in __call__
    return self.func(*args)
           ~~~~~~~~~^^^^^^^
  File "B:\Open_Source\soul_sence_Exam\SOUL_SENSE_EXAM\app\ui\exam.py", line 283, in submit_reflection
    self.finish_test()
    ~~~~~~~~~~~~~~~~^^
  File "B:\Open_Source\soul_sence_Exam\SOUL_SENSE_EXAM\app\ui\exam.py", line 303, in finish_test
    self.app.show_visual_results()
    ~~~~~~~~~~~~~~~~~~~~~~~~~~~~^^
  File "B:\Open_Source\soul_sence_Exam\SOUL_SENSE_EXAM\app\main.py", line 672, in show_visual_results
    comparisons = self.get_benchmark_comparison()
                  ^^^^^^^^^^^^^^^^^^^^^^^^^^^^^
AttributeError: 'SoulSenseApp' object has no attribute 'get_benchmark_comparison'
2026-01-10 17:24:26,978 - root - ERROR - Unexpected Error: An unexpected error occurred.
2026-01-10 17:25:09,091 - root - INFO - Logging initialized.
2026-01-10 17:25:09,091 - root - INFO - Application started
2026-01-10 17:25:09,094 - root - INFO - Loaded 10 total questions from DB
2026-01-10 17:25:11,307 - root - INFO - ML Predictor initialized successfully
2026-01-10 17:25:11,328 - root - INFO - SentimentIntensityAnalyzer initialized successfully
2026-01-10 17:25:11,329 - root - INFO - Using 9 questions based on settings
2026-01-10 17:25:18,778 - app.db - ERROR - Unexpected error in DB context: 'Response' object is not subscriptable
Traceback (most recent call last):
  File "B:\Open_Source\soul_sence_Exam\SOUL_SENSE_EXAM\app\db.py", line 32, in safe_db_context
    yield session
  File "B:\Open_Source\soul_sence_Exam\SOUL_SENSE_EXAM\app\time_based_analysis.py", line 218, in analyze_response_patterns_over_time
    all_values = [r["response_value"] for r in responses]
                  ~^^^^^^^^^^^^^^^^^^
TypeError: 'Response' object is not subscriptable
2026-01-10 17:25:18,954 - app.time_based_analysis - ERROR - Error analyzing response patterns for rohan: An unexpected database error occurred.
2026-01-10 17:25:19,063 - emotional_profile_clustering - WARNING - Model not fitted. Call fit() first.
2026-01-10 17:29:16,957 - root - INFO - Logging initialized.
2026-01-10 17:29:16,959 - root - INFO - Application started
2026-01-10 17:29:16,961 - root - INFO - Loaded 10 total questions from DB
2026-01-10 17:29:17,185 - root - INFO - ML Predictor initialized successfully
2026-01-10 17:29:17,201 - root - INFO - SentimentIntensityAnalyzer initialized successfully
2026-01-10 17:29:17,201 - root - INFO - Using 9 questions based on settings
2026-01-10 17:29:41,675 - root - CRITICAL - Unhandled exception in GUI
Traceback (most recent call last):
  File "C:\Python314\Lib\tkinter\__init__.py", line 2088, in __call__
    return self.func(*args)
           ~~~~~~~~~^^^^^^^
  File "C:\Python314\Lib\tkinter\__init__.py", line 876, in callit
    func(*args, **kw)
    ~~~~^^^^^^^^^^^^^
  File "B:\Open_Source\soul_sence_Exam\SOUL_SENSE_EXAM\app\main.py", line 1149, in launch_main_app
    root.mainloop()
    ~~~~~~~~~~~~~^^
  File "C:\Python314\Lib\tkinter\__init__.py", line 1613, in mainloop
    self.tk.mainloop(n)
    ~~~~~~~~~~~~~~~~^^^
KeyboardInterrupt
2026-01-10 17:29:41,687 - root - ERROR - Unexpected Error: An unexpected error occurred.
2026-01-10 17:29:59,020 - root - INFO - Logging initialized.
2026-01-10 17:29:59,021 - root - INFO - Application started
2026-01-10 17:29:59,025 - root - INFO - Loaded 10 total questions from DB
2026-01-10 17:30:01,326 - root - INFO - ML Predictor initialized successfully
2026-01-10 17:30:01,348 - root - INFO - SentimentIntensityAnalyzer initialized successfully
2026-01-10 17:30:01,348 - root - INFO - Using 9 questions based on settings
2026-01-10 17:30:36,886 - root - INFO - Session started | user=rohan | age=20 | age_group=adult | profession=Professional | questions=9
2026-01-10 17:30:50,717 - root - CRITICAL - Unhandled exception in GUI
Traceback (most recent call last):
  File "C:\Python314\Lib\tkinter\__init__.py", line 2088, in __call__
    return self.func(*args)
           ~~~~~~~~~^^^^^^^
  File "B:\Open_Source\soul_sence_Exam\SOUL_SENSE_EXAM\app\ui\exam.py", line 271, in submit_reflection
    self.finish_test()
    ~~~~~~~~~~~~~~~~^^
  File "B:\Open_Source\soul_sence_Exam\SOUL_SENSE_EXAM\app\ui\exam.py", line 291, in finish_test
    self.app.show_visual_results()
    ~~~~~~~~~~~~~~~~~~~~~~~~~~~~^^
  File "B:\Open_Source\soul_sence_Exam\SOUL_SENSE_EXAM\app\main.py", line 672, in show_visual_results
    comparisons = self.get_benchmark_comparison()
                  ^^^^^^^^^^^^^^^^^^^^^^^^^^^^^
AttributeError: 'SoulSenseApp' object has no attribute 'get_benchmark_comparison'
2026-01-10 17:30:50,724 - root - ERROR - Unexpected Error: An unexpected error occurred.
2026-01-10 17:34:35,667 - root - INFO - Logging initialized.
2026-01-10 17:34:35,669 - root - INFO - Application started
2026-01-10 17:34:35,671 - root - INFO - Loaded 10 total questions from DB
2026-01-10 17:34:35,890 - root - INFO - ML Predictor initialized successfully
2026-01-10 17:34:35,907 - root - INFO - SentimentIntensityAnalyzer initialized successfully
2026-01-10 17:34:35,908 - root - INFO - Using 9 questions based on settings
2026-01-10 17:35:16,489 - root - INFO - Logging initialized.
2026-01-10 17:35:16,489 - root - INFO - Application started
2026-01-10 17:35:16,491 - root - INFO - Loaded 10 total questions from DB
2026-01-10 17:35:19,069 - root - INFO - ML Predictor initialized successfully
2026-01-10 17:35:19,148 - root - INFO - SentimentIntensityAnalyzer initialized successfully
2026-01-10 17:35:19,148 - root - INFO - Using 9 questions based on settings
2026-01-10 17:35:27,670 - root - INFO - Session started | user=rohan | age=20 | age_group=adult | profession=Student | questions=9
2026-01-10 17:36:10,880 - app.db - ERROR - Unexpected error in DB context: 'Response' object is not subscriptable
Traceback (most recent call last):
  File "B:\Open_Source\soul_sence_Exam\SOUL_SENSE_EXAM\app\db.py", line 32, in safe_db_context
    yield session
  File "B:\Open_Source\soul_sence_Exam\SOUL_SENSE_EXAM\app\time_based_analysis.py", line 218, in analyze_response_patterns_over_time
    all_values = [r["response_value"] for r in responses]
                  ~^^^^^^^^^^^^^^^^^^
TypeError: 'Response' object is not subscriptable
2026-01-10 17:36:10,889 - app.time_based_analysis - ERROR - Error analyzing response patterns for rohan: An unexpected database error occurred.
2026-01-10 17:36:11,089 - emotional_profile_clustering - WARNING - Model not fitted. Call fit() first.
